c:\users\浅斟低唱\desktop\docs\0hw\cpphw\hw9_2_21307130365\x64\debug\vc143.pdb
c:\users\浅斟低唱\desktop\docs\0hw\cpphw\hw9_2_21307130365\x64\debug\vc143.idb
c:\users\浅斟低唱\desktop\docs\0hw\cpphw\hw9_2_21307130365\x64\debug\shape.obj
c:\users\浅斟低唱\desktop\docs\0hw\cpphw\hw9_2_21307130365\x64\debug\main.obj
c:\users\浅斟低唱\desktop\docs\0hw\cpphw\hw9_2_21307130365\x64\debug\handle.obj
c:\users\浅斟低唱\desktop\docs\0hw\cpphw\hw9_2_21307130365\x64\debug\hw9_2_21307130365.exe
c:\users\浅斟低唱\desktop\docs\0hw\cpphw\hw9_2_21307130365\x64\debug\hw9_2_21307130365.ilk
c:\users\浅斟低唱\desktop\docs\0hw\cpphw\hw9_2_21307130365\x64\debug\hw9_2_21307130365.pdb
c:\users\浅斟低唱\desktop\docs\暂无用\0hw\cpphw\hw9_2_21307130365\x64\debug\handle.obj
c:\users\浅斟低唱\desktop\docs\暂无用\0hw\cpphw\hw9_2_21307130365\x64\debug\main.obj
c:\users\浅斟低唱\desktop\docs\暂无用\0hw\cpphw\hw9_2_21307130365\x64\debug\shape.obj
c:\users\浅斟低唱\desktop\docs\暂无用\0hw\cpphw\hw9_2_21307130365\x64\debug\shapes.obj
c:\users\浅斟低唱\desktop\docs\暂无用\0hw\cpphw\hw9_2_21307130365\x64\debug\hw9_2_21307130365.ilk
c:\users\浅斟低唱\desktop\docs\暂无用\0hw\cpphw\hw9_2_21307130365\x64\debug\vc143.idb
c:\users\浅斟低唱\desktop\docs\暂无用\0hw\cpphw\hw9_2_21307130365\x64\debug\hw9_2_21307130365.pdb
c:\users\浅斟低唱\desktop\docs\暂无用\0hw\cpphw\hw9_2_21307130365\x64\debug\vc143.pdb
c:\users\浅斟低唱\desktop\docs\暂无用\0hw\cpphw\hw9_2_21307130365\x64\debug\hw9_2_21307130365.exe
c:\users\浅斟低唱\desktop\docs\暂无用\0hw\cpphw\hw9_2_21307130365\x64\debug\hw9_2_21.b7f6ac76.tlog\cl.command.1.tlog
c:\users\浅斟低唱\desktop\docs\暂无用\0hw\cpphw\hw9_2_21307130365\x64\debug\hw9_2_21.b7f6ac76.tlog\cl.read.1.tlog
c:\users\浅斟低唱\desktop\docs\暂无用\0hw\cpphw\hw9_2_21307130365\x64\debug\hw9_2_21.b7f6ac76.tlog\cl.write.1.tlog
c:\users\浅斟低唱\desktop\docs\暂无用\0hw\cpphw\hw9_2_21307130365\x64\debug\hw9_2_21.b7f6ac76.tlog\link.command.1.tlog
c:\users\浅斟低唱\desktop\docs\暂无用\0hw\cpphw\hw9_2_21307130365\x64\debug\hw9_2_21.b7f6ac76.tlog\link.read.1.tlog
c:\users\浅斟低唱\desktop\docs\暂无用\0hw\cpphw\hw9_2_21307130365\x64\debug\hw9_2_21.b7f6ac76.tlog\link.write.1.tlog
